#
# A fatal error has been detected by the Java Runtime Environment:
#
#  SIGSEGV (0xb) at pc=0x00007f270f7dd009, pid=1040, tid=1041
#
# JRE version: OpenJDK Runtime Environment (9.0) (build 9-internal+0-2016-04-14-195246.buildd.src)
# Java VM: OpenJDK 64-Bit Server VM (9-internal+0-2016-04-14-195246.buildd.src, mixed mode, tiered, compressed oops, g1 gc, linux-amd64)
# Problematic frame:
# C  [libjava.so+0x1d009]  JNU_GetEnv+0x19
#
# Core dump will be written. Default location: Core dumps may be processed with "/usr/share/apport/apport %p %s %c %d %P" (or dumping to /home/daneluzzitiago/Downloads/codigos_antigos/Java/Tetris_v1.12/core.1040)
#
# If you would like to submit a bug report, please visit:
#   http://bugreport.java.com/bugreport/crash.jsp
# The crash happened outside the Java Virtual Machine in native code.
# See problematic frame for where to report the bug.
#

---------------  S U M M A R Y ------------

Command Line: -Dfile.encoding=UTF-8 tetris_v1.pkg12.Controlador

Host: Intel(R) Core(TM) i7-7500U CPU @ 2.70GHz, 4 cores, 7G, elementary OS 0.4.1 Loki
Time: Tue Oct  8 21:18:01 2019 -03 elapsed time: 0 seconds (0d 0h 0m 0s)

---------------  T H R E A D  ---------------

Current thread (0x00007f2708011000):  JavaThread "main" [_thread_in_native, id=1041, stack(0x00007f2712545000,0x00007f2712646000)]

Stack: [0x00007f2712545000,0x00007f2712646000],  sp=0x00007f2712643660,  free space=1017k
Native frames: (J=compiled Java code, j=interpreted, Vv=VM code, C=native code)
C  [libjava.so+0x1d009]  JNU_GetEnv+0x19
C  [libfontmanager.so+0x33f8e]
C  [libfreetype.so.6+0x14d2b]  FT_Stream_Seek+0x1b

Java frames: (J=compiled Java code, j=interpreted, Vv=VM code)
j  sun.font.FreetypeFontScaler.initNativeScaler(Lsun/font/Font2D;IIZI)J+0 java.desktop@9-internal
j  sun.font.FreetypeFontScaler.<init>(Lsun/font/Font2D;IZI)V+26 java.desktop@9-internal
v  ~StubRoutines::call_stub
j  sun.reflect.NativeConstructorAccessorImpl.newInstance0(Ljava/lang/reflect/Constructor;[Ljava/lang/Object;)Ljava/lang/Object;+0 java.base@9-internal
j  sun.reflect.NativeConstructorAccessorImpl.newInstance([Ljava/lang/Object;)Ljava/lang/Object;+85 java.base@9-internal
j  sun.reflect.DelegatingConstructorAccessorImpl.newInstance([Ljava/lang/Object;)Ljava/lang/Object;+5 java.base@9-internal
j  java.lang.reflect.Constructor.newInstance([Ljava/lang/Object;)Ljava/lang/Object;+65 java.base@9-internal
j  sun.font.FontScaler.getScaler(Lsun/font/Font2D;IZI)Lsun/font/FontScaler;+39 java.desktop@9-internal
j  sun.font.TrueTypeFont.getScaler()Lsun/font/FontScaler;+21 java.desktop@9-internal
j  sun.font.FileFontStrike.<init>(Lsun/font/FileFont;Lsun/font/FontStrikeDesc;)V+204 java.desktop@9-internal
j  sun.font.FileFont.createStrike(Lsun/font/FontStrikeDesc;)Lsun/font/FontStrike;+18 java.desktop@9-internal
j  sun.font.Font2D.getStrike(Lsun/font/FontStrikeDesc;Z)Lsun/font/FontStrike;+92 java.desktop@9-internal
j  sun.font.Font2D.getStrike(Lsun/font/FontStrikeDesc;)Lsun/font/FontStrike;+3 java.desktop@9-internal
j  sun.font.CompositeStrike.getStrikeForSlot(I)Lsun/font/PhysicalStrike;+23 java.desktop@9-internal
j  sun.font.CompositeStrike.getGlyphImagePtrs([I[JI)V+2 java.desktop@9-internal
j  sun.font.GlyphList.mapChars(Lsun/java2d/loops/FontInfo;I)Z+37 java.desktop@9-internal
j  sun.font.GlyphList.setFromString(Lsun/java2d/loops/FontInfo;Ljava/lang/String;FF)Z+71 java.desktop@9-internal
j  sun.java2d.pipe.GlyphListPipe.drawString(Lsun/java2d/SunGraphics2D;Ljava/lang/String;DD)V+146 java.desktop@9-internal
j  sun.java2d.SunGraphics2D.drawString(Ljava/lang/String;II)V+68 java.desktop@9-internal
j  tetris_v1.pkg12.SuperficieDeDesenho.desenhar()V+324
j  tetris_v1.pkg12.Controlador.atualizar()V+40
J 530% C2 tetris_v1.pkg12.Controlador.loop()V (103 bytes) @ 0x00007f26f9741708 [0x00007f26f9741620+0x00000000000000e8]
j  tetris_v1.pkg12.Controlador.main([Ljava/lang/String;)V+15
v  ~StubRoutines::call_stub

siginfo: si_signo: 11 (SIGSEGV), si_code: 1 (SEGV_MAPERR), si_addr: 0x0000000000000000

Register to memory mapping:

RAX=0x0000000000000000 is an unknown value
RBX=0x0000000000000000 is an unknown value
RCX=0x0000000000000000 is an unknown value
RDX=0x0000000000010002 is an unknown value
RSP=0x00007f2712643660 is pointing into the stack for thread: 0x00007f2708011000
RBP=0x00007f2712643670 is pointing into the stack for thread: 0x00007f2708011000
RSI=0x0000000000010002 is an unknown value
RDI=0x0000000000000000 is an unknown value
R8 =0x0000000000000000 is an unknown value
R9 =0x0000000000000000 is an unknown value
R10=0x00000000000001db is an unknown value
R11=0x00007f270f7dcff0: JNU_GetEnv+0x0000000000000000 in /usr/lib/jvm/java-9-openjdk-amd64/lib/amd64/libjava.so at 0x00007f270f7c0000
R12=0x00007f27083cb6e0 is an unknown value
R13=0x0000000000000000 is an unknown value
R14=0x0000000000000000 is an unknown value
R15=0x00007f27083cb740 is an unknown value


Registers:
RAX=0x0000000000000000, RBX=0x0000000000000000, RCX=0x0000000000000000, RDX=0x0000000000010002
RSP=0x00007f2712643660, RBP=0x00007f2712643670, RSI=0x0000000000010002, RDI=0x0000000000000000
R8 =0x0000000000000000, R9 =0x0000000000000000, R10=0x00000000000001db, R11=0x00007f270f7dcff0
R12=0x00007f27083cb6e0, R13=0x0000000000000000, R14=0x0000000000000000, R15=0x00007f27083cb740
RIP=0x00007f270f7dd009, EFLAGS=0x0000000000010246, CSGSFS=0x002b000000000033, ERR=0x0000000000000004
  TRAPNO=0x000000000000000e

Top of Stack: (sp=0x00007f2712643660)
0x00007f2712643660:   0000000000000000 9d348757b78eb500
0x00007f2712643670:   00007f27126436b0 00007f2694326f8e
0x00007f2712643680:   00007f27083c5f70 00007f27083cb6e0
0x00007f2712643690:   0000000000000000 0000000000000000
0x00007f27126436a0:   00007f27083cb6e0 00007f27083cb740
0x00007f27126436b0:   0000000000000000 00007f269405dd2b
0x00007f27126436c0:   0000000000000000 00007f26942efd80
0x00007f27126436d0:   0000000000000000 00007f26940718e0
0x00007f27126436e0:   0000000000000002 0000003200000008
0x00007f27126436f0:   0000000000000000 0000000000000000
0x00007f2712643700:   0000006e0000005b 0000000000000000
0x00007f2712643710:   0000000000000000 0000007c00000077
0x00007f2712643720:   0000000000000001 0000003100000006
0x00007f2712643730:   0000000000000000 0000000000000000
0x00007f2712643740:   0000006e0000005b 00007f2708000020
0x00007f2712643750:   0000000000000070 00007f2712643804
0x00007f2712643760:   00007f27083c5f70 00007f27083cb740
0x00007f2712643770:   00007f2712643804 00007f2711eeb184
0x00007f2712643780:   00007f2710e62f00 00007f27126437b4
0x00007f2712643790:   00007f26942ec9e0 9d348757b78eb500
0x00007f27126437a0:   0000000000000070 00007f27083c5bf0
0x00007f27126437b0:   00007f26942ec9e0 00007f27126438c8
0x00007f27126437c0:   00007f27083c5f70 00007f27083cb740
0x00007f27126437d0:   00007f27083cbc70 00007f26940604c2
0x00007f27126437e0:   0000000100000000 00007f27126438d0
0x00007f27126437f0:   0000000000000000 0000000000000000
0x00007f2712643800:   00000000126438c8 9d348757b78eb500
0x00007f2712643810:   00007f27083c5bf0 00007f27126438d0
0x00007f2712643820:   0000000000000000 00007f27083c5e98
0x00007f2712643830:   00007f2712643ad0 00007f27083c5df8
0x00007f2712643840:   00007f27083c5f70 00007f2694062581
0x00007f2712643850:   00007f27126438d0 00007f2694062376 

Instructions: (pc=0x00007f270f7dd009)
0x00007f270f7dcfe9:   ff eb ea 0f 1f 40 00 55 89 f2 48 89 e5 48 83 ec
0x00007f270f7dcff9:   10 64 48 8b 04 25 28 00 00 00 48 89 45 f8 31 c0
0x00007f270f7dd009:   48 8b 07 48 8d 75 f0 ff 50 30 48 8b 4d f8 64 48
0x00007f270f7dd019:   33 0c 25 28 00 00 00 48 8b 45 f0 75 02 c9 c3 e8 


---------------  P R O C E S S  ---------------

Java Threads: ( => current thread )
  0x00007f2708381800 JavaThread "AWT-EventQueue-0" [_thread_blocked, id=1080, stack(0x00007f26874c8000,0x00007f26875c9000)]
  0x00007f2708379800 JavaThread "AWT-Shutdown" [_thread_blocked, id=1078, stack(0x00007f26875c9000,0x00007f26876ca000)]
  0x00007f2708310800 JavaThread "AWT-XAWT" daemon [_thread_in_native, id=1077, stack(0x00007f26878ca000,0x00007f26879cb000)]
  0x00007f27082f0000 JavaThread "Java2D Disposer" daemon [_thread_blocked, id=1076, stack(0x00007f26c00dc000,0x00007f26c01dd000)]
  0x00007f270823d000 JavaThread "Service Thread" daemon [_thread_blocked, id=1074, stack(0x00007f26f0920000,0x00007f26f0a21000)]
  0x00007f270819f000 JavaThread "Common-Cleaner" daemon [_thread_blocked, id=1073, stack(0x00007f26f0a21000,0x00007f26f0b22000)]
  0x00007f2708170000 JavaThread "Sweeper thread" daemon [_thread_blocked, id=1071, stack(0x00007f26f0f4c000,0x00007f26f104d000)]
  0x00007f270816e000 JavaThread "C1 CompilerThread2" daemon [_thread_blocked, id=1070, stack(0x00007f26f104d000,0x00007f26f114e000)]
  0x00007f270816c000 JavaThread "C2 CompilerThread1" daemon [_thread_blocked, id=1068, stack(0x00007f26f114e000,0x00007f26f124f000)]
  0x00007f270816a000 JavaThread "C2 CompilerThread0" daemon [_thread_blocked, id=1067, stack(0x00007f26f124f000,0x00007f26f1350000)]
  0x00007f2708166000 JavaThread "Signal Dispatcher" daemon [_thread_blocked, id=1066, stack(0x00007f26f1350000,0x00007f26f1451000)]
  0x00007f2708164000 JavaThread "Surrogate Locker Thread (Concurrent GC)" daemon [_thread_blocked, id=1065, stack(0x00007f270c058000,0x00007f270c159000)]
  0x00007f2708151800 JavaThread "Finalizer" daemon [_thread_blocked, id=1063, stack(0x00007f270c159000,0x00007f270c25a000)]
  0x00007f2708145800 JavaThread "Reference Handler" daemon [_thread_blocked, id=1062, stack(0x00007f270c25a000,0x00007f270c35b000)]
=>0x00007f2708011000 JavaThread "main" [_thread_in_native, id=1041, stack(0x00007f2712545000,0x00007f2712646000)]

Other Threads:
  0x00007f270813b000 VMThread [stack: 0x00007f270c35b000,0x00007f270c45c000] [id=1060]
  0x00007f2708240000 WatcherThread [stack: 0x00007f26f081f000,0x00007f26f0920000] [id=1075]

Threads with active compile tasks:

VM state:not at safepoint (normal execution)

VM Mutex/Monitor currently owned by a thread: None

heap address: 0x0000000084a00000, size: 1974 MB, Compressed Oops mode: 32-bit
Narrow klass base: 0x0000000000000000, Narrow klass shift: 3
Compressed class space size: 1073741824 Address: 0x0000000100000000

Heap:
 garbage-first heap   total 126976K, used 15273K [0x0000000084a00000, 0x0000000084b003e0, 0x0000000100000000)
  region size 1024K, 9 young (9216K), 1 survivors (1024K)
 Metaspace       used 11626K, capacity 12004K, committed 12288K, reserved 1060864K
  class space    used 1294K, capacity 1420K, committed 1536K, reserved 1048576K

Heap Regions: E=young(eden), S=young(survivor), O=old, HS=humongous(starts), HC=humongous(continues), CS=collection set, F=free, A=archive, TS=gc time stamp, AC=allocation context, TAMS=top-at-mark-start (previous, next)
|   0|0x0000000084a00000, 0x0000000084b00000, 0x0000000084b00000|100%|HS|  |TS  0|AC  0|TAMS 0x0000000084a00000, 0x0000000084a00000|
|   1|0x0000000084b00000, 0x0000000084c00000, 0x0000000084c00000|100%|HC|  |TS  0|AC  0|TAMS 0x0000000084b00000, 0x0000000084b00000|
|   2|0x0000000084c00000, 0x0000000084d00000, 0x0000000084d00000|100%|HC|  |TS  0|AC  0|TAMS 0x0000000084c00000, 0x0000000084c00000|
|   3|0x0000000084d00000, 0x0000000084e00000, 0x0000000084e00000|100%|HC|  |TS  0|AC  0|TAMS 0x0000000084d00000, 0x0000000084d00000|
|   4|0x0000000084e00000, 0x0000000084f00000, 0x0000000084f00000|100%|HC|  |TS  0|AC  0|TAMS 0x0000000084e00000, 0x0000000084e00000|
|   5|0x0000000084f00000, 0x0000000085000000, 0x0000000085000000|100%|HC|  |TS  0|AC  0|TAMS 0x0000000084f00000, 0x0000000084f00000|
|   6|0x0000000085000000, 0x00000000850ea400, 0x0000000085100000| 91%| O|  |TS  1|AC  0|TAMS 0x0000000085000000, 0x0000000085000000|
|   7|0x0000000085100000, 0x0000000085100000, 0x0000000085200000|  0%| F|  |TS  0|AC  0|TAMS 0x0000000085100000, 0x0000000085100000|
|   8|0x0000000085200000, 0x0000000085200000, 0x0000000085300000|  0%| F|  |TS  0|AC  0|TAMS 0x0000000085200000, 0x0000000085200000|
|   9|0x0000000085300000, 0x0000000085300000, 0x0000000085400000|  0%| F|  |TS  0|AC  0|TAMS 0x0000000085300000, 0x0000000085300000|
|  10|0x0000000085400000, 0x0000000085400000, 0x0000000085500000|  0%| F|  |TS  0|AC  0|TAMS 0x0000000085400000, 0x0000000085400000|
|  11|0x0000000085500000, 0x0000000085500000, 0x0000000085600000|  0%| F|  |TS  0|AC  0|TAMS 0x0000000085500000, 0x0000000085500000|
|  12|0x0000000085600000, 0x0000000085600000, 0x0000000085700000|  0%| F|  |TS  0|AC  0|TAMS 0x0000000085600000, 0x0000000085600000|
|  13|0x0000000085700000, 0x0000000085700000, 0x0000000085800000|  0%| F|  |TS  0|AC  0|TAMS 0x0000000085700000, 0x0000000085700000|
|  14|0x0000000085800000, 0x0000000085800000, 0x0000000085900000|  0%| F|  |TS  0|AC  0|TAMS 0x0000000085800000, 0x0000000085800000|
|  15|0x0000000085900000, 0x0000000085900000, 0x0000000085a00000|  0%| F|  |TS  0|AC  0|TAMS 0x0000000085900000, 0x0000000085900000|
|  16|0x0000000085a00000, 0x0000000085a00000, 0x0000000085b00000|  0%| F|  |TS  0|AC  0|TAMS 0x0000000085a00000, 0x0000000085a00000|
|  17|0x0000000085b00000, 0x0000000085b00000, 0x0000000085c00000|  0%| F|  |TS  0|AC  0|TAMS 0x0000000085b00000, 0x0000000085b00000|
|  18|0x0000000085c00000, 0x0000000085c00000, 0x0000000085d00000|  0%| F|  |TS  0|AC  0|TAMS 0x0000000085c00000, 0x0000000085c00000|
|  19|0x0000000085d00000, 0x0000000085d00000, 0x0000000085e00000|  0%| F|  |TS  0|AC  0|TAMS 0x0000000085d00000, 0x0000000085d00000|
|  20|0x0000000085e00000, 0x0000000085e00000, 0x0000000085f00000|  0%| F|  |TS  0|AC  0|TAMS 0x0000000085e00000, 0x0000000085e00000|
|  21|0x0000000085f00000, 0x0000000085f00000, 0x0000000086000000|  0%| F|  |TS  0|AC  0|TAMS 0x0000000085f00000, 0x0000000085f00000|
|  22|0x0000000086000000, 0x0000000086000000, 0x0000000086100000|  0%| F|  |TS  0|AC  0|TAMS 0x0000000086000000, 0x0000000086000000|
|  23|0x0000000086100000, 0x0000000086100000, 0x0000000086200000|  0%| F|  |TS  0|AC  0|TAMS 0x0000000086100000, 0x0000000086100000|
|  24|0x0000000086200000, 0x0000000086200000, 0x0000000086300000|  0%| F|  |TS  0|AC  0|TAMS 0x0000000086200000, 0x0000000086200000|
|  25|0x0000000086300000, 0x0000000086300000, 0x0000000086400000|  0%| F|  |TS  0|AC  0|TAMS 0x0000000086300000, 0x0000000086300000|
|  26|0x0000000086400000, 0x0000000086400000, 0x0000000086500000|  0%| F|  |TS  0|AC  0|TAMS 0x0000000086400000, 0x0000000086400000|
|  27|0x0000000086500000, 0x0000000086500000, 0x0000000086600000|  0%| F|  |TS  0|AC  0|TAMS 0x0000000086500000, 0x0000000086500000|
|  28|0x0000000086600000, 0x0000000086600000, 0x0000000086700000|  0%| F|  |TS  0|AC  0|TAMS 0x0000000086600000, 0x0000000086600000|
|  29|0x0000000086700000, 0x0000000086700000, 0x0000000086800000|  0%| F|  |TS  0|AC  0|TAMS 0x0000000086700000, 0x0000000086700000|
|  30|0x0000000086800000, 0x0000000086800000, 0x0000000086900000|  0%| F|  |TS  0|AC  0|TAMS 0x0000000086800000, 0x0000000086800000|
|  31|0x0000000086900000, 0x0000000086900000, 0x0000000086a00000|  0%| F|  |TS  0|AC  0|TAMS 0x0000000086900000, 0x0000000086900000|
|  32|0x0000000086a00000, 0x0000000086a00000, 0x0000000086b00000|  0%| F|  |TS  0|AC  0|TAMS 0x0000000086a00000, 0x0000000086a00000|
|  33|0x0000000086b00000, 0x0000000086b00000, 0x0000000086c00000|  0%| F|  |TS  0|AC  0|TAMS 0x0000000086b00000, 0x0000000086b00000|
|  34|0x0000000086c00000, 0x0000000086c00000, 0x0000000086d00000|  0%| F|  |TS  0|AC  0|TAMS 0x0000000086c00000, 0x0000000086c00000|
|  35|0x0000000086d00000, 0x0000000086d00000, 0x0000000086e00000|  0%| F|  |TS  0|AC  0|TAMS 0x0000000086d00000, 0x0000000086d00000|
|  36|0x0000000086e00000, 0x0000000086e00000, 0x0000000086f00000|  0%| F|  |TS  0|AC  0|TAMS 0x0000000086e00000, 0x0000000086e00000|
|  37|0x0000000086f00000, 0x0000000086f00000, 0x0000000087000000|  0%| F|  |TS  0|AC  0|TAMS 0x0000000086f00000, 0x0000000086f00000|
|  38|0x0000000087000000, 0x0000000087000000, 0x0000000087100000|  0%| F|  |TS  0|AC  0|TAMS 0x0000000087000000, 0x0000000087000000|
|  39|0x0000000087100000, 0x0000000087100000, 0x0000000087200000|  0%| F|  |TS  0|AC  0|TAMS 0x0000000087100000, 0x0000000087100000|
|  40|0x0000000087200000, 0x0000000087200000, 0x0000000087300000|  0%| F|  |TS  0|AC  0|TAMS 0x0000000087200000, 0x0000000087200000|
|  41|0x0000000087300000, 0x0000000087300000, 0x0000000087400000|  0%| F|  |TS  0|AC  0|TAMS 0x0000000087300000, 0x0000000087300000|
|  42|0x0000000087400000, 0x0000000087400000, 0x0000000087500000|  0%| F|  |TS  0|AC  0|TAMS 0x0000000087400000, 0x0000000087400000|
|  43|0x0000000087500000, 0x0000000087500000, 0x0000000087600000|  0%| F|  |TS  0|AC  0|TAMS 0x0000000087500000, 0x0000000087500000|
|  44|0x0000000087600000, 0x0000000087600000, 0x0000000087700000|  0%| F|  |TS  0|AC  0|TAMS 0x0000000087600000, 0x0000000087600000|
|  45|0x0000000087700000, 0x0000000087700000, 0x0000000087800000|  0%| F|  |TS  0|AC  0|TAMS 0x0000000087700000, 0x0000000087700000|
|  46|0x0000000087800000, 0x0000000087800000, 0x0000000087900000|  0%| F|  |TS  0|AC  0|TAMS 0x0000000087800000, 0x0000000087800000|
|  47|0x0000000087900000, 0x0000000087900000, 0x0000000087a00000|  0%| F|  |TS  0|AC  0|TAMS 0x0000000087900000, 0x0000000087900000|
|  48|0x0000000087a00000, 0x0000000087a00000, 0x0000000087b00000|  0%| F|  |TS  0|AC  0|TAMS 0x0000000087a00000, 0x0000000087a00000|
|  49|0x0000000087b00000, 0x0000000087b00000, 0x0000000087c00000|  0%| F|  |TS  0|AC  0|TAMS 0x0000000087b00000, 0x0000000087b00000|
|  50|0x0000000087c00000, 0x0000000087c00000, 0x0000000087d00000|  0%| F|  |TS  0|AC  0|TAMS 0x0000000087c00000, 0x0000000087c00000|
|  51|0x0000000087d00000, 0x0000000087d00000, 0x0000000087e00000|  0%| F|  |TS  0|AC  0|TAMS 0x0000000087d00000, 0x0000000087d00000|
|  52|0x0000000087e00000, 0x0000000087e00000, 0x0000000087f00000|  0%| F|  |TS  0|AC  0|TAMS 0x0000000087e00000, 0x0000000087e00000|
|  53|0x0000000087f00000, 0x0000000087f00000, 0x0000000088000000|  0%| F|  |TS  0|AC  0|TAMS 0x0000000087f00000, 0x0000000087f00000|
|  54|0x0000000088000000, 0x0000000088000000, 0x0000000088100000|  0%| F|  |TS  0|AC  0|TAMS 0x0000000088000000, 0x0000000088000000|
|  55|0x0000000088100000, 0x0000000088100000, 0x0000000088200000|  0%| F|  |TS  0|AC  0|TAMS 0x0000000088100000, 0x0000000088100000|
|  56|0x0000000088200000, 0x0000000088200000, 0x0000000088300000|  0%| F|  |TS  0|AC  0|TAMS 0x0000000088200000, 0x0000000088200000|
|  57|0x0000000088300000, 0x0000000088300000, 0x0000000088400000|  0%| F|  |TS  0|AC  0|TAMS 0x0000000088300000, 0x0000000088300000|
|  58|0x0000000088400000, 0x0000000088400000, 0x0000000088500000|  0%| F|  |TS  0|AC  0|TAMS 0x0000000088400000, 0x0000000088400000|
|  59|0x0000000088500000, 0x0000000088500000, 0x0000000088600000|  0%| F|  |TS  0|AC  0|TAMS 0x0000000088500000, 0x0000000088500000|
|  60|0x0000000088600000, 0x0000000088600000, 0x0000000088700000|  0%| F|  |TS  0|AC  0|TAMS 0x0000000088600000, 0x0000000088600000|
|  61|0x0000000088700000, 0x0000000088700000, 0x0000000088800000|  0%| F|  |TS  0|AC  0|TAMS 0x0000000088700000, 0x0000000088700000|
|  62|0x0000000088800000, 0x0000000088800000, 0x0000000088900000|  0%| F|  |TS  0|AC  0|TAMS 0x0000000088800000, 0x0000000088800000|
|  63|0x0000000088900000, 0x0000000088900000, 0x0000000088a00000|  0%| F|  |TS  0|AC  0|TAMS 0x0000000088900000, 0x0000000088900000|
|  64|0x0000000088a00000, 0x0000000088a00000, 0x0000000088b00000|  0%| F|  |TS  0|AC  0|TAMS 0x0000000088a00000, 0x0000000088a00000|
|  65|0x0000000088b00000, 0x0000000088b00000, 0x0000000088c00000|  0%| F|  |TS  0|AC  0|TAMS 0x0000000088b00000, 0x0000000088b00000|
|  66|0x0000000088c00000, 0x0000000088c00000, 0x0000000088d00000|  0%| F|  |TS  0|AC  0|TAMS 0x0000000088c00000, 0x0000000088c00000|
|  67|0x0000000088d00000, 0x0000000088d00000, 0x0000000088e00000|  0%| F|  |TS  0|AC  0|TAMS 0x0000000088d00000, 0x0000000088d00000|
|  68|0x0000000088e00000, 0x0000000088e00000, 0x0000000088f00000|  0%| F|  |TS  0|AC  0|TAMS 0x0000000088e00000, 0x0000000088e00000|
|  69|0x0000000088f00000, 0x0000000088f00000, 0x0000000089000000|  0%| F|  |TS  0|AC  0|TAMS 0x0000000088f00000, 0x0000000088f00000|
|  70|0x0000000089000000, 0x0000000089000000, 0x0000000089100000|  0%| F|  |TS  0|AC  0|TAMS 0x0000000089000000, 0x0000000089000000|
|  71|0x0000000089100000, 0x0000000089100000, 0x0000000089200000|  0%| F|  |TS  0|AC  0|TAMS 0x0000000089100000, 0x0000000089100000|
|  72|0x0000000089200000, 0x0000000089200000, 0x0000000089300000|  0%| F|  |TS  0|AC  0|TAMS 0x0000000089200000, 0x0000000089200000|
|  73|0x0000000089300000, 0x0000000089300000, 0x0000000089400000|  0%| F|  |TS  0|AC  0|TAMS 0x0000000089300000, 0x0000000089300000|
|  74|0x0000000089400000, 0x0000000089400000, 0x0000000089500000|  0%| F|  |TS  0|AC  0|TAMS 0x0000000089400000, 0x0000000089400000|
|  75|0x0000000089500000, 0x0000000089500000, 0x0000000089600000|  0%| F|  |TS  0|AC  0|TAMS 0x0000000089500000, 0x0000000089500000|
|  76|0x0000000089600000, 0x0000000089600000, 0x0000000089700000|  0%| F|  |TS  0|AC  0|TAMS 0x0000000089600000, 0x0000000089600000|
|  77|0x0000000089700000, 0x0000000089700000, 0x0000000089800000|  0%| F|  |TS  0|AC  0|TAMS 0x0000000089700000, 0x0000000089700000|
|  78|0x0000000089800000, 0x0000000089800000, 0x0000000089900000|  0%| F|  |TS  0|AC  0|TAMS 0x0000000089800000, 0x0000000089800000|
|  79|0x0000000089900000, 0x0000000089900000, 0x0000000089a00000|  0%| F|  |TS  0|AC  0|TAMS 0x0000000089900000, 0x0000000089900000|
|  80|0x0000000089a00000, 0x0000000089a00000, 0x0000000089b00000|  0%| F|  |TS  0|AC  0|TAMS 0x0000000089a00000, 0x0000000089a00000|
|  81|0x0000000089b00000, 0x0000000089b00000, 0x0000000089c00000|  0%| F|  |TS  0|AC  0|TAMS 0x0000000089b00000, 0x0000000089b00000|
|  82|0x0000000089c00000, 0x0000000089c00000, 0x0000000089d00000|  0%| F|  |TS  0|AC  0|TAMS 0x0000000089c00000, 0x0000000089c00000|
|  83|0x0000000089d00000, 0x0000000089d00000, 0x0000000089e00000|  0%| F|  |TS  0|AC  0|TAMS 0x0000000089d00000, 0x0000000089d00000|
|  84|0x0000000089e00000, 0x0000000089e00000, 0x0000000089f00000|  0%| F|  |TS  0|AC  0|TAMS 0x0000000089e00000, 0x0000000089e00000|
|  85|0x0000000089f00000, 0x0000000089f00000, 0x000000008a000000|  0%| F|  |TS  0|AC  0|TAMS 0x0000000089f00000, 0x0000000089f00000|
|  86|0x000000008a000000, 0x000000008a000000, 0x000000008a100000|  0%| F|  |TS  0|AC  0|TAMS 0x000000008a000000, 0x000000008a000000|
|  87|0x000000008a100000, 0x000000008a100000, 0x000000008a200000|  0%| F|  |TS  0|AC  0|TAMS 0x000000008a100000, 0x000000008a100000|
|  88|0x000000008a200000, 0x000000008a200000, 0x000000008a300000|  0%| F|  |TS  0|AC  0|TAMS 0x000000008a200000, 0x000000008a200000|
|  89|0x000000008a300000, 0x000000008a300000, 0x000000008a400000|  0%| F|  |TS  0|AC  0|TAMS 0x000000008a300000, 0x000000008a300000|
|  90|0x000000008a400000, 0x000000008a400000, 0x000000008a500000|  0%| F|  |TS  0|AC  0|TAMS 0x000000008a400000, 0x000000008a400000|
|  91|0x000000008a500000, 0x000000008a500000, 0x000000008a600000|  0%| F|  |TS  0|AC  0|TAMS 0x000000008a500000, 0x000000008a500000|
|  92|0x000000008a600000, 0x000000008a600000, 0x000000008a700000|  0%| F|  |TS  0|AC  0|TAMS 0x000000008a600000, 0x000000008a600000|
|  93|0x000000008a700000, 0x000000008a700000, 0x000000008a800000|  0%| F|  |TS  0|AC  0|TAMS 0x000000008a700000, 0x000000008a700000|
|  94|0x000000008a800000, 0x000000008a800000, 0x000000008a900000|  0%| F|  |TS  0|AC  0|TAMS 0x000000008a800000, 0x000000008a800000|
|  95|0x000000008a900000, 0x000000008a900000, 0x000000008aa00000|  0%| F|  |TS  0|AC  0|TAMS 0x000000008a900000, 0x000000008a900000|
|  96|0x000000008aa00000, 0x000000008aa00000, 0x000000008ab00000|  0%| F|  |TS  0|AC  0|TAMS 0x000000008aa00000, 0x000000008aa00000|
|  97|0x000000008ab00000, 0x000000008ab00000, 0x000000008ac00000|  0%| F|  |TS  0|AC  0|TAMS 0x000000008ab00000, 0x000000008ab00000|
|  98|0x000000008ac00000, 0x000000008ac00000, 0x000000008ad00000|  0%| F|  |TS  0|AC  0|TAMS 0x000000008ac00000, 0x000000008ac00000|
|  99|0x000000008ad00000, 0x000000008ad00000, 0x000000008ae00000|  0%| F|  |TS  0|AC  0|TAMS 0x000000008ad00000, 0x000000008ad00000|
| 100|0x000000008ae00000, 0x000000008ae00000, 0x000000008af00000|  0%| F|  |TS  0|AC  0|TAMS 0x000000008ae00000, 0x000000008ae00000|
| 101|0x000000008af00000, 0x000000008af00000, 0x000000008b000000|  0%| F|  |TS  0|AC  0|TAMS 0x000000008af00000, 0x000000008af00000|
| 102|0x000000008b000000, 0x000000008b000000, 0x000000008b100000|  0%| F|  |TS  0|AC  0|TAMS 0x000000008b000000, 0x000000008b000000|
| 103|0x000000008b100000, 0x000000008b100000, 0x000000008b200000|  0%| F|  |TS  0|AC  0|TAMS 0x000000008b100000, 0x000000008b100000|
| 104|0x000000008b200000, 0x000000008b200000, 0x000000008b300000|  0%| F|  |TS  0|AC  0|TAMS 0x000000008b200000, 0x000000008b200000|
| 105|0x000000008b300000, 0x000000008b300000, 0x000000008b400000|  0%| F|  |TS  0|AC  0|TAMS 0x000000008b300000, 0x000000008b300000|
| 106|0x000000008b400000, 0x000000008b400000, 0x000000008b500000|  0%| F|  |TS  0|AC  0|TAMS 0x000000008b400000, 0x000000008b400000|
| 107|0x000000008b500000, 0x000000008b500000, 0x000000008b600000|  0%| F|  |TS  0|AC  0|TAMS 0x000000008b500000, 0x000000008b500000|
| 108|0x000000008b600000, 0x000000008b600000, 0x000000008b700000|  0%| F|  |TS  0|AC  0|TAMS 0x000000008b600000, 0x000000008b600000|
| 109|0x000000008b700000, 0x000000008b700000, 0x000000008b800000|  0%| F|  |TS  0|AC  0|TAMS 0x000000008b700000, 0x000000008b700000|
| 110|0x000000008b800000, 0x000000008b800000, 0x000000008b900000|  0%| F|  |TS  0|AC  0|TAMS 0x000000008b800000, 0x000000008b800000|
| 111|0x000000008b900000, 0x000000008b900000, 0x000000008ba00000|  0%| F|  |TS  0|AC  0|TAMS 0x000000008b900000, 0x000000008b900000|
| 112|0x000000008ba00000, 0x000000008ba00000, 0x000000008bb00000|  0%| F|  |TS  0|AC  0|TAMS 0x000000008ba00000, 0x000000008ba00000|
| 113|0x000000008bb00000, 0x000000008bb00000, 0x000000008bc00000|  0%| F|  |TS  0|AC  0|TAMS 0x000000008bb00000, 0x000000008bb00000|
| 114|0x000000008bc00000, 0x000000008bc00000, 0x000000008bd00000|  0%| F|  |TS  0|AC  0|TAMS 0x000000008bc00000, 0x000000008bc00000|
| 115|0x000000008bd00000, 0x000000008bd80800, 0x000000008be00000| 50%| E|  |TS  0|AC  0|TAMS 0x000000008bd00000, 0x000000008bd00000|
| 116|0x000000008be00000, 0x000000008bf00000, 0x000000008bf00000|100%| S|CS|TS  1|AC  0|TAMS 0x000000008be00000, 0x000000008be00000|
| 117|0x000000008bf00000, 0x000000008c000000, 0x000000008c000000|100%| E|CS|TS  0|AC  0|TAMS 0x000000008bf00000, 0x000000008bf00000|
| 118|0x000000008c000000, 0x000000008c100000, 0x000000008c100000|100%| E|CS|TS  0|AC  0|TAMS 0x000000008c000000, 0x000000008c000000|
| 119|0x000000008c100000, 0x000000008c200000, 0x000000008c200000|100%| E|CS|TS  0|AC  0|TAMS 0x000000008c100000, 0x000000008c100000|
| 120|0x000000008c200000, 0x000000008c300000, 0x000000008c300000|100%| E|CS|TS  0|AC  0|TAMS 0x000000008c200000, 0x000000008c200000|
| 121|0x000000008c300000, 0x000000008c400000, 0x000000008c400000|100%| E|CS|TS  0|AC  0|TAMS 0x000000008c300000, 0x000000008c300000|
| 122|0x000000008c400000, 0x000000008c500000, 0x000000008c500000|100%| E|CS|TS  0|AC  0|TAMS 0x000000008c400000, 0x000000008c400000|
| 123|0x000000008c500000, 0x000000008c600000, 0x000000008c600000|100%| E|CS|TS  0|AC  0|TAMS 0x000000008c500000, 0x000000008c500000|

Card table byte_map: [0x00007f270d0fe000,0x00007f270d4d9000] byte_map_base: 0x00007f270ccd9000

Marking Bits (Prev, Next): (CMBitMap*) 0x00007f2708060210, (CMBitMap*) 0x00007f2708060268
 Prev Bits: [0x00007f26ca128000, 0x00007f26cc000000)
 Next Bits: [0x00007f26c8250000, 0x00007f26ca128000)

Polling page: 0x00007f2712663000

CodeHeap 'non-nmethods': size=5696Kb used=1268Kb max_used=1277Kb free=4427Kb
 bounds [0x00007f26f1c51000, 0x00007f26f1ec1000, 0x00007f26f21e1000]
CodeHeap 'profiled nmethods': size=120032Kb used=1031Kb max_used=1031Kb free=119001Kb
 bounds [0x00007f26f21e1000, 0x00007f26f2451000, 0x00007f26f9719000]
CodeHeap 'non-profiled nmethods': size=120032Kb used=214Kb max_used=214Kb free=119817Kb
 bounds [0x00007f26f9719000, 0x00007f26f9989000, 0x00007f2700c51000]
 total_blobs=1359 nmethods=673 adapters=455
 compilation: enabled

Compilation events (10 events):
Event: 0,598 Thread 0x00007f270816e000  670       3       java.nio.ByteBufferAsCharBufferB::get (16 bytes)
Event: 0,598 Thread 0x00007f270816e000 nmethod 670 0x00007f26f22e1590 code [0x00007f26f22e1760, 0x00007f26f22e1d28]
Event: 0,598 Thread 0x00007f270816e000  674       1       java.nio.HeapByteBuffer::_get (7 bytes)
Event: 0,598 Thread 0x00007f270816e000 nmethod 674 0x00007f26f974e810 code [0x00007f26f974e980, 0x00007f26f974eab0]
Event: 0,598 Thread 0x00007f270816e000  671       3       java.nio.ByteBufferAsCharBufferB::ix (9 bytes)
Event: 0,598 Thread 0x00007f270816e000 nmethod 671 0x00007f26f22e1f10 code [0x00007f26f22e2080, 0x00007f26f22e21d0]
Event: 0,598 Thread 0x00007f270816e000  672       3       java.nio.Bits::getCharB (16 bytes)
Event: 0,598 Thread 0x00007f270816e000 nmethod 672 0x00007f26f22e2290 code [0x00007f26f22e2420, 0x00007f26f22e2758]
Event: 0,598 Thread 0x00007f270816e000  673       3       java.nio.Bits::makeChar (12 bytes)
Event: 0,598 Thread 0x00007f270816e000 nmethod 673 0x00007f26f22e2890 code [0x00007f26f22e2a00, 0x00007f26f22e2b50]

GC Heap History (2 events):
Event: 0,478 GC heap before
{Heap before GC invocations=0 (full 0):
 garbage-first heap   total 126976K, used 13312K [0x0000000084a00000, 0x0000000084b003e0, 0x0000000100000000)
  region size 1024K, 7 young (7168K), 0 survivors (0K)
 Metaspace       used 10670K, capacity 10998K, committed 11392K, reserved 1058816K
  class space    used 1181K, capacity 1297K, committed 1408K, reserved 1048576K
}
Event: 0,490 GC heap after
{Heap after GC invocations=1 (full 0):
 garbage-first heap   total 126976K, used 8105K [0x0000000084a00000, 0x0000000084b003e0, 0x0000000100000000)
  region size 1024K, 1 young (1024K), 1 survivors (1024K)
 Metaspace       used 10670K, capacity 10998K, committed 11392K, reserved 1058816K
  class space    used 1181K, capacity 1297K, committed 1408K, reserved 1048576K
}

Deoptimization events (9 events):
Event: 0,051 Thread 0x00007f2708011000 Uncommon trap: reason=unstable_if action=reinterpret pc=0x00007f26f971b72c method=java.lang.String.hashCode()I @ 12
Event: 0,157 Thread 0x00007f2708011000 Uncommon trap: reason=class_check action=maybe_recompile pc=0x00007f26f9723c48 method=java.util.HashMap.putVal(ILjava/lang/Object;Ljava/lang/Object;ZZ)Ljava/lang/Object; @ 203
Event: 0,157 Thread 0x00007f2708011000 Uncommon trap: reason=class_check action=maybe_recompile pc=0x00007f26f9723c48 method=java.util.HashMap.putVal(ILjava/lang/Object;Ljava/lang/Object;ZZ)Ljava/lang/Object; @ 203
Event: 0,158 Thread 0x00007f2708011000 Uncommon trap: reason=unstable_if action=reinterpret pc=0x00007f26f972328c method=java.util.HashMap.putVal(ILjava/lang/Object;Ljava/lang/Object;ZZ)Ljava/lang/Object; @ 162
Event: 0,203 Thread 0x00007f2708011000 Uncommon trap: reason=unstable_if action=reinterpret pc=0x00007f26f9724bd0 method=java.util.HashMap.hash(Ljava/lang/Object;)I @ 1
Event: 0,203 Thread 0x00007f2708011000 Uncommon trap: reason=unstable_fused_if action=reinterpret pc=0x00007f26f97370c0 method=java.util.HashMap.resize()[Ljava/util/HashMap$Node; @ 31
Event: 0,212 Thread 0x00007f2708011000 Uncommon trap: reason=unstable_fused_if action=reinterpret pc=0x00007f26f973055c method=jdk.internal.org.objectweb.asm.ByteVector.putUTF8(Ljava/lang/String;)Ljdk/internal/org/objectweb/asm/ByteVector; @ 91
Event: 0,250 Thread 0x00007f2708011000 Uncommon trap: reason=unstable_if action=reinterpret pc=0x00007f26f9741338 method=tetris_v1.pkg12.Controlador.loop()V @ 51
Event: 0,536 Thread 0x00007f2708011000 Uncommon trap: reason=unstable_if action=reinterpret pc=0x00007f26f9745a3c method=sun.awt.image.ByteInterleavedRaster.putByteData(IIII[B)V @ 395

Classes redefined (0 events):
No events

Internal exceptions (6 events):
Event: 0,108 Thread 0x00007f2708011000 Exception <a 'java/lang/ClassNotFoundException': sun/awt/resources/awtProvider> (0x000000008c360be0) thrown at [/build/openjdk-9-argm_o/openjdk-9-9~b114/src/hotspot/src/share/vm/classfile/systemDictionary.cpp, line 224]
Event: 0,116 Thread 0x00007f2708011000 Exception <a 'java/io/FileNotFoundException'> (0x000000008c3a1860) thrown at [/build/openjdk-9-argm_o/openjdk-9-9~b114/src/hotspot/src/share/vm/prims/jni.cpp, line 605]
Event: 0,117 Thread 0x00007f2708011000 Exception <a 'java/io/FileNotFoundException'> (0x000000008c3a98c0) thrown at [/build/openjdk-9-argm_o/openjdk-9-9~b114/src/hotspot/src/share/vm/prims/jni.cpp, line 605]
Event: 0,197 Thread 0x00007f2708011000 Exception <a 'java/lang/ClassNotFoundException': com/sun/swing/internal/plaf/metal/resources/metalProvider> (0x000000008c1a3b58) thrown at [/build/openjdk-9-argm_o/openjdk-9-9~b114/src/hotspot/src/share/vm/classfile/systemDictionary.cpp, line 224]
Event: 0,197 Thread 0x00007f2708011000 Exception <a 'java/lang/ClassNotFoundException': com/sun/swing/internal/plaf/basic/resources/basicProvider> (0x000000008c1a71b8) thrown at [/build/openjdk-9-argm_o/openjdk-9-9~b114/src/hotspot/src/share/vm/classfile/systemDictionary.cpp, line 224]
Event: 0,203 Thread 0x00007f2708011000 Implicit null exception at 0x00007f26f9724b38 to 0x00007f26f9724bc6

Events (10 events):
Event: 0,590 loading class sun/font/CMap$CMapFormat4
Event: 0,590 loading class sun/font/CMap$CMapFormat4 done
Event: 0,590 loading class java/nio/ByteBufferAsCharBufferB
Event: 0,597 loading class java/nio/ByteBufferAsCharBufferB done
Event: 0,598 loading class sun/font/FileFontStrike
Event: 0,598 loading class sun/font/FileFontStrike done
Event: 0,598 loading class sun/font/FontScaler
Event: 0,598 loading class sun/font/FontScaler done
Event: 0,598 loading class sun/font/FreetypeFontScaler
Event: 0,598 loading class sun/font/FreetypeFontScaler done


Dynamic libraries:
00400000-00401000 r-xp 00000000 08:07 2380529                            /usr/lib/jvm/java-9-openjdk-amd64/bin/java
00600000-00601000 r--p 00000000 08:07 2380529                            /usr/lib/jvm/java-9-openjdk-amd64/bin/java
00601000-00602000 rw-p 00001000 08:07 2380529                            /usr/lib/jvm/java-9-openjdk-amd64/bin/java
00670000-00691000 rw-p 00000000 00:00 0                                  [heap]
84a00000-8c600000 rw-p 00000000 00:00 0 
8c600000-100000000 ---p 00000000 00:00 0 
100000000-100180000 rw-p 00000000 00:00 0 
100180000-140000000 ---p 00000000 00:00 0 
7f2670000000-7f2670021000 rw-p 00000000 00:00 0 
7f2670021000-7f2674000000 ---p 00000000 00:00 0 
7f2678000000-7f2678021000 rw-p 00000000 00:00 0 
7f2678021000-7f267c000000 ---p 00000000 00:00 0 
7f267c000000-7f267c021000 rw-p 00000000 00:00 0 
7f267c021000-7f2680000000 ---p 00000000 00:00 0 
7f2680000000-7f2680021000 rw-p 00000000 00:00 0 
7f2680021000-7f2684000000 ---p 00000000 00:00 0 
7f26872c8000-7f2687348000 rw-p 00000000 00:00 0 
7f2687348000-7f26874c8000 ---p 00000000 00:00 0 
7f26874c8000-7f26874cc000 ---p 00000000 00:00 0 
7f26874cc000-7f26875c9000 rw-p 00000000 00:00 0 
7f26875c9000-7f26875cd000 ---p 00000000 00:00 0 
7f26875cd000-7f26878ca000 rw-p 00000000 00:00 0 
7f26878ca000-7f26878ce000 ---p 00000000 00:00 0 
7f26878ce000-7f26879cb000 rw-p 00000000 00:00 0 
7f26879cb000-7f26879d0000 r-xp 00000000 08:07 400810                     /usr/lib/x86_64-linux-gnu/libXfixes.so.3.1.0
7f26879d0000-7f2687bcf000 ---p 00005000 08:07 400810                     /usr/lib/x86_64-linux-gnu/libXfixes.so.3.1.0
7f2687bcf000-7f2687bd0000 r--p 00004000 08:07 400810                     /usr/lib/x86_64-linux-gnu/libXfixes.so.3.1.0
7f2687bd0000-7f2687bd1000 rw-p 00005000 08:07 400810                     /usr/lib/x86_64-linux-gnu/libXfixes.so.3.1.0
7f2687bd1000-7f2687bda000 r-xp 00000000 08:07 401069                     /usr/lib/x86_64-linux-gnu/libXcursor.so.1.0.2
7f2687bda000-7f2687dd9000 ---p 00009000 08:07 401069                     /usr/lib/x86_64-linux-gnu/libXcursor.so.1.0.2
7f2687dd9000-7f2687dda000 r--p 00008000 08:07 401069                     /usr/lib/x86_64-linux-gnu/libXcursor.so.1.0.2
7f2687dda000-7f2687ddb000 rw-p 00009000 08:07 401069                     /usr/lib/x86_64-linux-gnu/libXcursor.so.1.0.2
7f2687ddb000-7f2687dff000 r-xp 00000000 08:07 1050047                    /lib/x86_64-linux-gnu/libpng12.so.0.54.0
7f2687dff000-7f2687ffe000 ---p 00024000 08:07 1050047                    /lib/x86_64-linux-gnu/libpng12.so.0.54.0
7f2687ffe000-7f2687fff000 r--p 00023000 08:07 1050047                    /lib/x86_64-linux-gnu/libpng12.so.0.54.0
7f2687fff000-7f2688000000 rw-p 00024000 08:07 1050047                    /lib/x86_64-linux-gnu/libpng12.so.0.54.0
7f2688000000-7f2688021000 rw-p 00000000 00:00 0 
7f2688021000-7f268c000000 ---p 00000000 00:00 0 
7f268c000000-7f268c021000 rw-p 00000000 00:00 0 
7f268c021000-7f2690000000 ---p 00000000 00:00 0 
7f2690000000-7f2690021000 rw-p 00000000 00:00 0 
7f2690021000-7f2694000000 ---p 00000000 00:00 0 
7f2694049000-7f26940ed000 r-xp 00000000 08:07 401203                     /usr/lib/x86_64-linux-gnu/libfreetype.so.6.12.1
7f26940ed000-7f26942ec000 ---p 000a4000 08:07 401203                     /usr/lib/x86_64-linux-gnu/libfreetype.so.6.12.1
7f26942ec000-7f26942f2000 r--p 000a3000 08:07 401203                     /usr/lib/x86_64-linux-gnu/libfreetype.so.6.12.1
7f26942f2000-7f26942f3000 rw-p 000a9000 08:07 401203                     /usr/lib/x86_64-linux-gnu/libfreetype.so.6.12.1
7f26942f3000-7f26943b9000 r-xp 00000000 08:07 2380540                    /usr/lib/jvm/java-9-openjdk-amd64/lib/amd64/libfontmanager.so
7f26943b9000-7f26945b8000 ---p 000c6000 08:07 2380540                    /usr/lib/jvm/java-9-openjdk-amd64/lib/amd64/libfontmanager.so
7f26945b8000-7f26945bb000 r--p 000c5000 08:07 2380540                    /usr/lib/jvm/java-9-openjdk-amd64/lib/amd64/libfontmanager.so
7f26945bb000-7f26945bc000 rw-p 000c8000 08:07 2380540                    /usr/lib/jvm/java-9-openjdk-amd64/lib/amd64/libfontmanager.so
7f26945bc000-7f26945bd000 rw-p 00000000 00:00 0 
7f26945bd000-7f26945c2000 r-xp 00000000 08:07 400806                     /usr/lib/x86_64-linux-gnu/libXdmcp.so.6.0.0
7f26945c2000-7f26947c1000 ---p 00005000 08:07 400806                     /usr/lib/x86_64-linux-gnu/libXdmcp.so.6.0.0
7f26947c1000-7f26947c2000 r--p 00004000 08:07 400806                     /usr/lib/x86_64-linux-gnu/libXdmcp.so.6.0.0
7f26947c2000-7f26947c3000 rw-p 00005000 08:07 400806                     /usr/lib/x86_64-linux-gnu/libXdmcp.so.6.0.0
7f26947c3000-7f26947c5000 r-xp 00000000 08:07 400795                     /usr/lib/x86_64-linux-gnu/libXau.so.6.0.0
7f26947c5000-7f26949c5000 ---p 00002000 08:07 400795                     /usr/lib/x86_64-linux-gnu/libXau.so.6.0.0
7f26949c5000-7f26949c6000 r--p 00002000 08:07 400795                     /usr/lib/x86_64-linux-gnu/libXau.so.6.0.0
7f26949c6000-7f26949c7000 rw-p 00003000 08:07 400795                     /usr/lib/x86_64-linux-gnu/libXau.so.6.0.0
7f26949c7000-7f26949e8000 r-xp 00000000 08:07 402046                     /usr/lib/x86_64-linux-gnu/libxcb.so.1.1.0
7f26949e8000-7f2694be7000 ---p 00021000 08:07 402046                     /usr/lib/x86_64-linux-gnu/libxcb.so.1.1.0
7f2694be7000-7f2694be8000 r--p 00020000 08:07 402046                     /usr/lib/x86_64-linux-gnu/libxcb.so.1.1.0
7f2694be8000-7f2694be9000 rw-p 00021000 08:07 402046                     /usr/lib/x86_64-linux-gnu/libxcb.so.1.1.0
7f2694be9000-7f2694bf8000 r-xp 00000000 08:07 400818                     /usr/lib/x86_64-linux-gnu/libXi.so.6.1.0
7f2694bf8000-7f2694df7000 ---p 0000f000 08:07 400818                     /usr/lib/x86_64-linux-gnu/libXi.so.6.1.0
7f2694df7000-7f2694df8000 r--p 0000e000 08:07 400818                     /usr/lib/x86_64-linux-gnu/libXi.so.6.1.0
7f2694df8000-7f2694df9000 rw-p 0000f000 08:07 400818                     /usr/lib/x86_64-linux-gnu/libXi.so.6.1.0
7f2694df9000-7f2694dfe000 r-xp 00000000 08:07 400836                     /usr/lib/x86_64-linux-gnu/libXtst.so.6.1.0
7f2694dfe000-7f2694ffd000 ---p 00005000 08:07 400836                     /usr/lib/x86_64-linux-gnu/libXtst.so.6.1.0
7f2694ffd000-7f2694ffe000 r--p 00004000 08:07 400836                     /usr/lib/x86_64-linux-gnu/libXtst.so.6.1.0
7f2694ffe000-7f2694fff000 rw-p 00005000 08:07 400836                     /usr/lib/x86_64-linux-gnu/libXtst.so.6.1.0
7f2694fff000-7f2698000000 rw-p 00000000 00:00 0 
7f2698000000-7f2698112000 rw-p 00000000 00:00 0 
7f2698112000-7f269c000000 ---p 00000000 00:00 0 
7f269c000000-7f269c021000 rw-p 00000000 00:00 0 
7f269c021000-7f26a0000000 ---p 00000000 00:00 0 
7f26a0000000-7f26a01e4000 rw-p 00000000 00:00 0 
7f26a01e4000-7f26a4000000 ---p 00000000 00:00 0 
7f26a4000000-7f26a4215000 rw-p 00000000 00:00 0 
7f26a4215000-7f26a8000000 ---p 00000000 00:00 0 
7f26a8000000-7f26a8021000 rw-p 00000000 00:00 0 
7f26a8021000-7f26ac000000 ---p 00000000 00:00 0 
7f26ac000000-7f26ac021000 rw-p 00000000 00:00 0 
7f26ac021000-7f26b0000000 ---p 00000000 00:00 0 
7f26b0000000-7f26b0021000 rw-p 00000000 00:00 0 
7f26b0021000-7f26b4000000 ---p 00000000 00:00 0 
7f26b4000000-7f26b4021000 rw-p 00000000 00:00 0 
7f26b4021000-7f26b8000000 ---p 00000000 00:00 0 
7f26b8000000-7f26b8021000 rw-p 00000000 00:00 0 
7f26b8021000-7f26bc000000 ---p 00000000 00:00 0 
7f26bc000000-7f26bc021000 rw-p 00000000 00:00 0 
7f26bc021000-7f26c0000000 ---p 00000000 00:00 0 
7f26c00dc000-7f26c00e0000 ---p 00000000 00:00 0 
7f26c00e0000-7f26c01dd000 rw-p 00000000 00:00 0 
7f26c01dd000-7f26c0312000 r-xp 00000000 08:07 393755                     /usr/lib/x86_64-linux-gnu/libX11.so.6.3.0
7f26c0312000-7f26c0512000 ---p 00135000 08:07 393755                     /usr/lib/x86_64-linux-gnu/libX11.so.6.3.0
7f26c0512000-7f26c0513000 r--p 00135000 08:07 393755                     /usr/lib/x86_64-linux-gnu/libX11.so.6.3.0
7f26c0513000-7f26c0517000 rw-p 00136000 08:07 393755                     /usr/lib/x86_64-linux-gnu/libX11.so.6.3.0
7f26c0517000-7f26c2000000 r--p 00000000 08:07 397065                     /usr/lib/locale/locale-archive
7f26c2000000-7f26c4000000 rw-p 00000000 00:00 0 
7f26c4000000-7f26c4021000 rw-p 00000000 00:00 0 
7f26c4021000-7f26c8000000 ---p 00000000 00:00 0 
7f26c8046000-7f26c804f000 r-xp 00000000 08:07 400830                     /usr/lib/x86_64-linux-gnu/libXrender.so.1.3.0
7f26c804f000-7f26c824e000 ---p 00009000 08:07 400830                     /usr/lib/x86_64-linux-gnu/libXrender.so.1.3.0
7f26c824e000-7f26c824f000 r--p 00008000 08:07 400830                     /usr/lib/x86_64-linux-gnu/libXrender.so.1.3.0
7f26c824f000-7f26c8250000 rw-p 00009000 08:07 400830                     /usr/lib/x86_64-linux-gnu/libXrender.so.1.3.0
7f26c8250000-7f26c8440000 rw-p 00000000 00:00 0 
7f26c8440000-7f26ca128000 ---p 00000000 00:00 0 
7f26ca128000-7f26ca318000 rw-p 00000000 00:00 0 
7f26ca318000-7f26cc000000 ---p 00000000 00:00 0 
7f26cc000000-7f26cc021000 rw-p 00000000 00:00 0 
7f26cc021000-7f26d0000000 ---p 00000000 00:00 0 
7f26d0000000-7f26d0021000 rw-p 00000000 00:00 0 
7f26d0021000-7f26d4000000 ---p 00000000 00:00 0 
7f26d4000000-7f26d4021000 rw-p 00000000 00:00 0 
7f26d4021000-7f26d8000000 ---p 00000000 00:00 0 
7f26d8000000-7f26d8021000 rw-p 00000000 00:00 0 
7f26d8021000-7f26dc000000 ---p 00000000 00:00 0 
7f26dc000000-7f26dc021000 rw-p 00000000 00:00 0 
7f26dc021000-7f26e0000000 ---p 00000000 00:00 0 
7f26e0000000-7f26e0021000 rw-p 00000000 00:00 0 
7f26e0021000-7f26e4000000 ---p 00000000 00:00 0 
7f26e4000000-7f26e4021000 rw-p 00000000 00:00 0 
7f26e4021000-7f26e8000000 ---p 00000000 00:00 0 
7f26e8000000-7f26e8021000 rw-p 00000000 00:00 0 
7f26e8021000-7f26ec000000 ---p 00000000 00:00 0 
7f26ec000000-7f26ec021000 rw-p 00000000 00:00 0 
7f26ec021000-7f26f0000000 ---p 00000000 00:00 0 
7f26f00e1000-7f26f00f2000 r-xp 00000000 08:07 400808                     /usr/lib/x86_64-linux-gnu/libXext.so.6.4.0
7f26f00f2000-7f26f02f1000 ---p 00011000 08:07 400808                     /usr/lib/x86_64-linux-gnu/libXext.so.6.4.0
7f26f02f1000-7f26f02f2000 r--p 00010000 08:07 400808                     /usr/lib/x86_64-linux-gnu/libXext.so.6.4.0
7f26f02f2000-7f26f02f3000 rw-p 00011000 08:07 400808                     /usr/lib/x86_64-linux-gnu/libXext.so.6.4.0
7f26f02f3000-7f26f034a000 r-xp 00000000 08:07 2380576                    /usr/lib/jvm/java-9-openjdk-amd64/lib/amd64/libawt_xawt.so
7f26f034a000-7f26f054a000 ---p 00057000 08:07 2380576                    /usr/lib/jvm/java-9-openjdk-amd64/lib/amd64/libawt_xawt.so
7f26f054a000-7f26f054b000 r--p 00057000 08:07 2380576                    /usr/lib/jvm/java-9-openjdk-amd64/lib/amd64/libawt_xawt.so
7f26f054b000-7f26f054e000 rw-p 00058000 08:07 2380576                    /usr/lib/jvm/java-9-openjdk-amd64/lib/amd64/libawt_xawt.so
7f26f054e000-7f26f054f000 rw-p 00000000 00:00 0 
7f26f054f000-7f26f05ef000 r-xp 00000000 08:07 2380550                    /usr/lib/jvm/java-9-openjdk-amd64/lib/amd64/libawt.so
7f26f05ef000-7f26f07ee000 ---p 000a0000 08:07 2380550                    /usr/lib/jvm/java-9-openjdk-amd64/lib/amd64/libawt.so
7f26f07ee000-7f26f07ef000 r--p 0009f000 08:07 2380550                    /usr/lib/jvm/java-9-openjdk-amd64/lib/amd64/libawt.so
7f26f07ef000-7f26f07fa000 rw-p 000a0000 08:07 2380550                    /usr/lib/jvm/java-9-openjdk-amd64/lib/amd64/libawt.so
7f26f07fa000-7f26f081f000 rw-p 00000000 00:00 0 
7f26f081f000-7f26f0820000 ---p 00000000 00:00 0 
7f26f0820000-7f26f0920000 rw-p 00000000 00:00 0 
7f26f0920000-7f26f0924000 ---p 00000000 00:00 0 
7f26f0924000-7f26f0a21000 rw-p 00000000 00:00 0 
7f26f0a21000-7f26f0a25000 ---p 00000000 00:00 0 
7f26f0a25000-7f26f0b22000 rw-p 00000000 00:00 0 
7f26f0b22000-7f26f0b38000 r-xp 00000000 08:07 2380545                    /usr/lib/jvm/java-9-openjdk-amd64/lib/amd64/libnet.so
7f26f0b38000-7f26f0d37000 ---p 00016000 08:07 2380545                    /usr/lib/jvm/java-9-openjdk-amd64/lib/amd64/libnet.so
7f26f0d37000-7f26f0d38000 r--p 00015000 08:07 2380545                    /usr/lib/jvm/java-9-openjdk-amd64/lib/amd64/libnet.so
7f26f0d38000-7f26f0d39000 rw-p 00016000 08:07 2380545                    /usr/lib/jvm/java-9-openjdk-amd64/lib/amd64/libnet.so
7f26f0d39000-7f26f0d4a000 r-xp 00000000 08:07 2380577                    /usr/lib/jvm/java-9-openjdk-amd64/lib/amd64/libnio.so
7f26f0d4a000-7f26f0f4a000 ---p 00011000 08:07 2380577                    /usr/lib/jvm/java-9-openjdk-amd64/lib/amd64/libnio.so
7f26f0f4a000-7f26f0f4b000 r--p 00011000 08:07 2380577                    /usr/lib/jvm/java-9-openjdk-amd64/lib/amd64/libnio.so
7f26f0f4b000-7f26f0f4c000 rw-p 00012000 08:07 2380577                    /usr/lib/jvm/java-9-openjdk-amd64/lib/amd64/libnio.so
7f26f0f4c000-7f26f0f50000 ---p 00000000 00:00 0 
7f26f0f50000-7f26f104d000 rw-p 00000000 00:00 0 
7f26f104d000-7f26f1051000 ---p 00000000 00:00 0 
7f26f1051000-7f26f114e000 rw-p 00000000 00:00 0 
7f26f114e000-7f26f1152000 ---p 00000000 00:00 0 
7f26f1152000-7f26f124f000 rw-p 00000000 00:00 0 
7f26f124f000-7f26f1253000 ---p 00000000 00:00 0 
7f26f1253000-7f26f1350000 rw-p 00000000 00:00 0 
7f26f1350000-7f26f1354000 ---p 00000000 00:00 0 
7f26f1354000-7f26f1c51000 rw-p 00000000 00:00 0 
7f26f1c51000-7f26f1ec1000 rwxp 00000000 00:00 0 
7f26f1ec1000-7f26f21e1000 ---p 00000000 00:00 0 
7f26f21e1000-7f26f2451000 rwxp 00000000 00:00 0 
7f26f2451000-7f26f9719000 ---p 00000000 00:00 0 
7f26f9719000-7f26f9989000 rwxp 00000000 00:00 0 
7f26f9989000-7f2700c51000 ---p 00000000 00:00 0 
7f2700c51000-7f2708000000 r--s 00000000 08:07 2380534                    /usr/lib/jvm/java-9-openjdk-amd64/lib/modules
7f2708000000-7f27083cf000 rw-p 00000000 00:00 0 
7f27083cf000-7f270c000000 ---p 00000000 00:00 0 
7f270c058000-7f270c05c000 ---p 00000000 00:00 0 
7f270c05c000-7f270c159000 rw-p 00000000 00:00 0 
7f270c159000-7f270c15d000 ---p 00000000 00:00 0 
7f270c15d000-7f270c25a000 rw-p 00000000 00:00 0 
7f270c25a000-7f270c25e000 ---p 00000000 00:00 0 
7f270c25e000-7f270c35b000 rw-p 00000000 00:00 0 
7f270c35b000-7f270c35c000 ---p 00000000 00:00 0 
7f270c35c000-7f270cb21000 rw-p 00000000 00:00 0 
7f270cb21000-7f270cb22000 ---p 00000000 00:00 0 
7f270cb22000-7f270cc22000 rw-p 00000000 00:00 0 
7f270cc22000-7f270cc23000 ---p 00000000 00:00 0 
7f270cc23000-7f270cd61000 rw-p 00000000 00:00 0 
7f270cd61000-7f270d0fe000 ---p 00000000 00:00 0 
7f270d0fe000-7f270d13c000 rw-p 00000000 00:00 0 
7f270d13c000-7f270d8b4000 ---p 00000000 00:00 0 
7f270d8b4000-7f270d8f2000 rw-p 00000000 00:00 0 
7f270d8f2000-7f270dc8f000 ---p 00000000 00:00 0 
7f270dc8f000-7f270dc90000 ---p 00000000 00:00 0 
7f270dc90000-7f270dd90000 rw-p 00000000 00:00 0 
7f270dd90000-7f270dd91000 ---p 00000000 00:00 0 
7f270dd91000-7f270de91000 rw-p 00000000 00:00 0 
7f270de91000-7f270de92000 ---p 00000000 00:00 0 
7f270de92000-7f270df92000 rw-p 00000000 00:00 0 
7f270df92000-7f270df93000 ---p 00000000 00:00 0 
7f270df93000-7f270e093000 rw-p 00000000 00:00 0 
7f270e093000-7f270e094000 ---p 00000000 00:00 0 
7f270e094000-7f270e598000 rw-p 00000000 00:00 0 
7f270e598000-7f270e599000 ---p 00000000 00:00 0 
7f270e599000-7f270e699000 rw-p 00000000 00:00 0 
7f270e699000-7f270e69a000 ---p 00000000 00:00 0 
7f270e69a000-7f270e79a000 rw-p 00000000 00:00 0 
7f270e79a000-7f270e79b000 ---p 00000000 00:00 0 
7f270e79b000-7f270e89b000 rw-p 00000000 00:00 0 
7f270e89b000-7f270e89c000 ---p 00000000 00:00 0 
7f270e89c000-7f270e9a1000 rw-p 00000000 00:00 0 
7f270e9a1000-7f270ea87000 ---p 00000000 00:00 0 
7f270ea87000-7f270ea8c000 rw-p 00000000 00:00 0 
7f270ea8c000-7f270eb72000 ---p 00000000 00:00 0 
7f270eb72000-7f270eb77000 r-xp 00000000 08:07 2380564                    /usr/lib/jvm/java-9-openjdk-amd64/lib/amd64/libjimage.so
7f270eb77000-7f270ed76000 ---p 00005000 08:07 2380564                    /usr/lib/jvm/java-9-openjdk-amd64/lib/amd64/libjimage.so
7f270ed76000-7f270ed77000 r--p 00004000 08:07 2380564                    /usr/lib/jvm/java-9-openjdk-amd64/lib/amd64/libjimage.so
7f270ed77000-7f270ed78000 rw-p 00005000 08:07 2380564                    /usr/lib/jvm/java-9-openjdk-amd64/lib/amd64/libjimage.so
7f270ed78000-7f270ed7f000 r-xp 00000000 08:07 2380560                    /usr/lib/jvm/java-9-openjdk-amd64/lib/amd64/libzip.so
7f270ed7f000-7f270ef7e000 ---p 00007000 08:07 2380560                    /usr/lib/jvm/java-9-openjdk-amd64/lib/amd64/libzip.so
7f270ef7e000-7f270ef7f000 r--p 00006000 08:07 2380560                    /usr/lib/jvm/java-9-openjdk-amd64/lib/amd64/libzip.so
7f270ef7f000-7f270ef80000 rw-p 00007000 08:07 2380560                    /usr/lib/jvm/java-9-openjdk-amd64/lib/amd64/libzip.so
7f270ef80000-7f270ef8b000 r-xp 00000000 08:07 1128414                    /lib/x86_64-linux-gnu/libnss_files-2.23.so
7f270ef8b000-7f270f18a000 ---p 0000b000 08:07 1128414                    /lib/x86_64-linux-gnu/libnss_files-2.23.so
7f270f18a000-7f270f18b000 r--p 0000a000 08:07 1128414                    /lib/x86_64-linux-gnu/libnss_files-2.23.so
7f270f18b000-7f270f18c000 rw-p 0000b000 08:07 1128414                    /lib/x86_64-linux-gnu/libnss_files-2.23.so
7f270f18c000-7f270f192000 rw-p 00000000 00:00 0 
7f270f192000-7f270f19d000 r-xp 00000000 08:07 1128407                    /lib/x86_64-linux-gnu/libnss_nis-2.23.so
7f270f19d000-7f270f39c000 ---p 0000b000 08:07 1128407                    /lib/x86_64-linux-gnu/libnss_nis-2.23.so
7f270f39c000-7f270f39d000 r--p 0000a000 08:07 1128407                    /lib/x86_64-linux-gnu/libnss_nis-2.23.so
7f270f39d000-7f270f39e000 rw-p 0000b000 08:07 1128407                    /lib/x86_64-linux-gnu/libnss_nis-2.23.so
7f270f39e000-7f270f3b4000 r-xp 00000000 08:07 1128412                    /lib/x86_64-linux-gnu/libnsl-2.23.so
7f270f3b4000-7f270f5b3000 ---p 00016000 08:07 1128412                    /lib/x86_64-linux-gnu/libnsl-2.23.so
7f270f5b3000-7f270f5b4000 r--p 00015000 08:07 1128412                    /lib/x86_64-linux-gnu/libnsl-2.23.so
7f270f5b4000-7f270f5b5000 rw-p 00016000 08:07 1128412                    /lib/x86_64-linux-gnu/libnsl-2.23.so
7f270f5b5000-7f270f5b7000 rw-p 00000000 00:00 0 
7f270f5b7000-7f270f5bf000 r-xp 00000000 08:07 1128418                    /lib/x86_64-linux-gnu/libnss_compat-2.23.so
7f270f5bf000-7f270f7be000 ---p 00008000 08:07 1128418                    /lib/x86_64-linux-gnu/libnss_compat-2.23.so
7f270f7be000-7f270f7bf000 r--p 00007000 08:07 1128418                    /lib/x86_64-linux-gnu/libnss_compat-2.23.so
7f270f7bf000-7f270f7c0000 rw-p 00008000 08:07 1128418                    /lib/x86_64-linux-gnu/libnss_compat-2.23.so
7f270f7c0000-7f270f7eb000 r-xp 00000000 08:07 2380544                    /usr/lib/jvm/java-9-openjdk-amd64/lib/amd64/libjava.so
7f270f7eb000-7f270f9ea000 ---p 0002b000 08:07 2380544                    /usr/lib/jvm/java-9-openjdk-amd64/lib/amd64/libjava.so
7f270f9ea000-7f270f9eb000 r--p 0002a000 08:07 2380544                    /usr/lib/jvm/java-9-openjdk-amd64/lib/amd64/libjava.so
7f270f9eb000-7f270f9ed000 rw-p 0002b000 08:07 2380544                    /usr/lib/jvm/java-9-openjdk-amd64/lib/amd64/libjava.so
7f270f9ed000-7f270f9fa000 r-xp 00000000 08:07 2380546                    /usr/lib/jvm/java-9-openjdk-amd64/lib/amd64/libverify.so
7f270f9fa000-7f270fbf9000 ---p 0000d000 08:07 2380546                    /usr/lib/jvm/java-9-openjdk-amd64/lib/amd64/libverify.so
7f270fbf9000-7f270fbfb000 r--p 0000c000 08:07 2380546                    /usr/lib/jvm/java-9-openjdk-amd64/lib/amd64/libverify.so
7f270fbfb000-7f270fbfc000 rw-p 0000e000 08:07 2380546                    /usr/lib/jvm/java-9-openjdk-amd64/lib/amd64/libverify.so
7f270fbfc000-7f270fc03000 r-xp 00000000 08:07 1128392                    /lib/x86_64-linux-gnu/librt-2.23.so
7f270fc03000-7f270fe02000 ---p 00007000 08:07 1128392                    /lib/x86_64-linux-gnu/librt-2.23.so
7f270fe02000-7f270fe03000 r--p 00006000 08:07 1128392                    /lib/x86_64-linux-gnu/librt-2.23.so
7f270fe03000-7f270fe04000 rw-p 00007000 08:07 1128392                    /lib/x86_64-linux-gnu/librt-2.23.so
7f270fe04000-7f270fe1a000 r-xp 00000000 08:07 1050182                    /lib/x86_64-linux-gnu/libgcc_s.so.1
7f270fe1a000-7f2710019000 ---p 00016000 08:07 1050182                    /lib/x86_64-linux-gnu/libgcc_s.so.1
7f2710019000-7f271001a000 rw-p 00015000 08:07 1050182                    /lib/x86_64-linux-gnu/libgcc_s.so.1
7f271001a000-7f2710122000 r-xp 00000000 08:07 1128420                    /lib/x86_64-linux-gnu/libm-2.23.so
7f2710122000-7f2710321000 ---p 00108000 08:07 1128420                    /lib/x86_64-linux-gnu/libm-2.23.so
7f2710321000-7f2710322000 r--p 00107000 08:07 1128420                    /lib/x86_64-linux-gnu/libm-2.23.so
7f2710322000-7f2710323000 rw-p 00108000 08:07 1128420                    /lib/x86_64-linux-gnu/libm-2.23.so
7f2710323000-7f2710495000 r-xp 00000000 08:07 393679                     /usr/lib/x86_64-linux-gnu/libstdc++.so.6.0.21
7f2710495000-7f2710695000 ---p 00172000 08:07 393679                     /usr/lib/x86_64-linux-gnu/libstdc++.so.6.0.21
7f2710695000-7f271069f000 r--p 00172000 08:07 393679                     /usr/lib/x86_64-linux-gnu/libstdc++.so.6.0.21
7f271069f000-7f27106a1000 rw-p 0017c000 08:07 393679                     /usr/lib/x86_64-linux-gnu/libstdc++.so.6.0.21
7f27106a1000-7f27106a5000 rw-p 00000000 00:00 0 
7f27106a5000-7f2711503000 r-xp 00000000 08:07 2380557                    /usr/lib/jvm/java-9-openjdk-amd64/lib/amd64/server/libjvm.so
7f2711503000-7f2711703000 ---p 00e5e000 08:07 2380557                    /usr/lib/jvm/java-9-openjdk-amd64/lib/amd64/server/libjvm.so
7f2711703000-7f27117b5000 r--p 00e5e000 08:07 2380557                    /usr/lib/jvm/java-9-openjdk-amd64/lib/amd64/server/libjvm.so
7f27117b5000-7f27117e7000 rw-p 00f10000 08:07 2380557                    /usr/lib/jvm/java-9-openjdk-amd64/lib/amd64/server/libjvm.so
7f27117e7000-7f271182c000 rw-p 00000000 00:00 0 
7f271182c000-7f2711844000 r-xp 00000000 08:07 1128404                    /lib/x86_64-linux-gnu/libpthread-2.23.so
7f2711844000-7f2711a43000 ---p 00018000 08:07 1128404                    /lib/x86_64-linux-gnu/libpthread-2.23.so
7f2711a43000-7f2711a44000 r--p 00017000 08:07 1128404                    /lib/x86_64-linux-gnu/libpthread-2.23.so
7f2711a44000-7f2711a45000 rw-p 00018000 08:07 1128404                    /lib/x86_64-linux-gnu/libpthread-2.23.so
7f2711a45000-7f2711a49000 rw-p 00000000 00:00 0 
7f2711a49000-7f2711a4c000 r-xp 00000000 08:07 1128402                    /lib/x86_64-linux-gnu/libdl-2.23.so
7f2711a4c000-7f2711c4b000 ---p 00003000 08:07 1128402                    /lib/x86_64-linux-gnu/libdl-2.23.so
7f2711c4b000-7f2711c4c000 r--p 00002000 08:07 1128402                    /lib/x86_64-linux-gnu/libdl-2.23.so
7f2711c4c000-7f2711c4d000 rw-p 00003000 08:07 1128402                    /lib/x86_64-linux-gnu/libdl-2.23.so
7f2711c4d000-7f2711c66000 r-xp 00000000 08:07 1050334                    /lib/x86_64-linux-gnu/libz.so.1.2.8
7f2711c66000-7f2711e65000 ---p 00019000 08:07 1050334                    /lib/x86_64-linux-gnu/libz.so.1.2.8
7f2711e65000-7f2711e66000 r--p 00018000 08:07 1050334                    /lib/x86_64-linux-gnu/libz.so.1.2.8
7f2711e66000-7f2711e67000 rw-p 00019000 08:07 1050334                    /lib/x86_64-linux-gnu/libz.so.1.2.8
7f2711e67000-7f2712027000 r-xp 00000000 08:07 1128417                    /lib/x86_64-linux-gnu/libc-2.23.so
7f2712027000-7f2712227000 ---p 001c0000 08:07 1128417                    /lib/x86_64-linux-gnu/libc-2.23.so
7f2712227000-7f271222b000 r--p 001c0000 08:07 1128417                    /lib/x86_64-linux-gnu/libc-2.23.so
7f271222b000-7f271222d000 rw-p 001c4000 08:07 1128417                    /lib/x86_64-linux-gnu/libc-2.23.so
7f271222d000-7f2712231000 rw-p 00000000 00:00 0 
7f2712231000-7f271223f000 r-xp 00000000 08:07 2380574                    /usr/lib/jvm/java-9-openjdk-amd64/lib/amd64/jli/libjli.so
7f271223f000-7f271243e000 ---p 0000e000 08:07 2380574                    /usr/lib/jvm/java-9-openjdk-amd64/lib/amd64/jli/libjli.so
7f271243e000-7f271243f000 r--p 0000d000 08:07 2380574                    /usr/lib/jvm/java-9-openjdk-amd64/lib/amd64/jli/libjli.so
7f271243f000-7f2712440000 rw-p 0000e000 08:07 2380574                    /usr/lib/jvm/java-9-openjdk-amd64/lib/amd64/jli/libjli.so
7f2712440000-7f2712466000 r-xp 00000000 08:07 1128403                    /lib/x86_64-linux-gnu/ld-2.23.so
7f271248a000-7f271249c000 rw-s 00000000 00:05 13762568                   /SYSV00000000 (deleted)
7f27124a1000-7f2712545000 rw-p 00000000 00:00 0 
7f2712545000-7f2712549000 ---p 00000000 00:00 0 
7f2712549000-7f271264a000 rw-p 00000000 00:00 0 
7f271264e000-7f2712653000 rw-p 00000000 00:00 0 
7f2712653000-7f271265a000 ---p 00000000 00:00 0 
7f271265a000-7f2712662000 rw-s 00000000 08:07 2269740                    /tmp/hsperfdata_daneluzzitiago/1040
7f2712662000-7f2712663000 rw-p 00000000 00:00 0 
7f2712663000-7f2712664000 r--p 00000000 00:00 0 
7f2712664000-7f2712665000 rw-p 00000000 00:00 0 
7f2712665000-7f2712666000 r--p 00025000 08:07 1128403                    /lib/x86_64-linux-gnu/ld-2.23.so
7f2712666000-7f2712667000 rw-p 00026000 08:07 1128403                    /lib/x86_64-linux-gnu/ld-2.23.so
7f2712667000-7f2712668000 rw-p 00000000 00:00 0 
7fff3ff2b000-7fff3ff4d000 rw-p 00000000 00:00 0                          [stack]
7fff3ffaf000-7fff3ffb2000 r--p 00000000 00:00 0                          [vvar]
7fff3ffb2000-7fff3ffb4000 r-xp 00000000 00:00 0                          [vdso]
ffffffffff600000-ffffffffff601000 r-xp 00000000 00:00 0                  [vsyscall]

VM Arguments:
jvm_args: -Dfile.encoding=UTF-8 
java_command: tetris_v1.pkg12.Controlador
java_class_path (initial): /home/daneluzzitiago/Downloads/codigos_antigos/Java/Tetris_v1.12/src/imgs:/home/daneluzzitiago/Downloads/codigos_antigos/Java/Tetris_v1.12/src/img:/home/daneluzzitiago/Downloads/codigos_antigos/Java/Tetris_v1.12/build/classes
Launcher Type: SUN_STANDARD

Environment Variables:
PATH=/home/daneluzzitiago/.nvm/versions/node/v11.10.1/bin:/home/daneluzzitiago/.rbenv/shims:/home/daneluzzitiago/.rbenv/bin:/home/daneluzzitiago/bin:/home/daneluzzitiago/.local/bin:/usr/local/sbin:/usr/local/bin:/usr/sbin:/usr/bin:/sbin:/bin:/usr/games:/usr/local/games:/home/daneluzzitiago/.rvm/bin:/home/daneluzzitiago/.rvm/bin
SHELL=/bin/bash
DISPLAY=:0

Signal Handlers:
SIGSEGV: [libjvm.so+0xc12c20], sa_mask[0]=11111111011111111101111111111110, sa_flags=SA_RESTART|SA_SIGINFO
SIGBUS: [libjvm.so+0xc12c20], sa_mask[0]=11111111011111111101111111111110, sa_flags=SA_RESTART|SA_SIGINFO
SIGFPE: [libjvm.so+0xc12c20], sa_mask[0]=11111111011111111101111111111110, sa_flags=SA_RESTART|SA_SIGINFO
SIGPIPE: [libjvm.so+0xa3b600], sa_mask[0]=11111111011111111101111111111110, sa_flags=SA_RESTART|SA_SIGINFO
SIGXFSZ: [libjvm.so+0xa3b600], sa_mask[0]=11111111011111111101111111111110, sa_flags=SA_RESTART|SA_SIGINFO
SIGILL: [libjvm.so+0xc12c20], sa_mask[0]=11111111011111111101111111111110, sa_flags=SA_RESTART|SA_SIGINFO
SIGUSR2: [libjvm.so+0xa3b4a0], sa_mask[0]=00100000000000000000000000000000, sa_flags=SA_RESTART|SA_SIGINFO
SIGHUP: [libjvm.so+0xa3b870], sa_mask[0]=11111111011111111101111111111110, sa_flags=SA_RESTART|SA_SIGINFO
SIGINT: [libjvm.so+0xa3b870], sa_mask[0]=11111111011111111101111111111110, sa_flags=SA_RESTART|SA_SIGINFO
SIGTERM: [libjvm.so+0xa3b870], sa_mask[0]=11111111011111111101111111111110, sa_flags=SA_RESTART|SA_SIGINFO
SIGQUIT: [libjvm.so+0xa3b870], sa_mask[0]=11111111011111111101111111111110, sa_flags=SA_RESTART|SA_SIGINFO


---------------  S Y S T E M  ---------------

OS:DISTRIB_ID="elementary"
DISTRIB_RELEASE=0.4.1
DISTRIB_CODENAME=loki
DISTRIB_DESCRIPTION="elementary OS 0.4.1 Loki"
uname:Linux 4.15.0-43-generic #46~16.04.1-Ubuntu SMP Fri Dec 7 13:31:08 UTC 2018 x86_64
libc:glibc 2.23 NPTL 2.23 
rlimit: STACK 8192k, CORE 0k, NPROC 30940, NOFILE 1048576, AS infinity
load average:0,84 1,47 1,32

/proc/meminfo:
MemTotal:        8077320 kB
MemFree:         3688600 kB
MemAvailable:    5443296 kB
Buffers:          189924 kB
Cached:          2237440 kB
SwapCached:            0 kB
Active:          2495864 kB
Inactive:        1528420 kB
Active(anon):    1601076 kB
Inactive(anon):   513220 kB
Active(file):     894788 kB
Inactive(file):  1015200 kB
Unevictable:          64 kB
Mlocked:              64 kB
SwapTotal:       8297468 kB
SwapFree:        8297468 kB
Dirty:              1908 kB
Writeback:             0 kB
AnonPages:       1597048 kB
Mapped:           508184 kB
Shmem:            517380 kB
Slab:             226276 kB
SReclaimable:     132060 kB
SUnreclaim:        94216 kB
KernelStack:       11072 kB
PageTables:        50868 kB
NFS_Unstable:          0 kB
Bounce:                0 kB
WritebackTmp:          0 kB
CommitLimit:    12336128 kB
Committed_AS:    8130160 kB
VmallocTotal:   34359738367 kB
VmallocUsed:           0 kB
VmallocChunk:          0 kB
HardwareCorrupted:     0 kB
AnonHugePages:         0 kB
ShmemHugePages:        0 kB
ShmemPmdMapped:        0 kB
CmaTotal:              0 kB
CmaFree:               0 kB
HugePages_Total:       0
HugePages_Free:        0
HugePages_Rsvd:        0
HugePages_Surp:        0
Hugepagesize:       2048 kB
DirectMap4k:      349348 kB
DirectMap2M:     6899712 kB
DirectMap1G:     1048576 kB


CPU:total 4 (2 cores per cpu, 2 threads per core) family 6 model 142 stepping 9, cmov, cx8, fxsr, mmx, sse, sse2, sse3, ssse3, sse4.1, sse4.2, popcnt, avx, avx2, aes, clmul, erms, 3dnowpref, lzcnt, ht, tsc, tscinvbit, bmi1, bmi2, adx

CPU Model and flags from /proc/cpuinfo:
model name	: Intel(R) Core(TM) i7-7500U CPU @ 2.70GHz
flags		: fpu vme de pse tsc msr pae mce cx8 apic sep mtrr pge mca cmov pat pse36 clflush dts acpi mmx fxsr sse sse2 ss ht tm pbe syscall nx pdpe1gb rdtscp lm constant_tsc art arch_perfmon pebs bts rep_good nopl xtopology nonstop_tsc cpuid aperfmperf tsc_known_freq pni pclmulqdq dtes64 monitor ds_cpl vmx est tm2 ssse3 sdbg fma cx16 xtpr pdcm pcid sse4_1 sse4_2 x2apic movbe popcnt tsc_deadline_timer aes xsave avx f16c rdrand lahf_lm abm 3dnowprefetch cpuid_fault epb invpcid_single pti ssbd ibrs ibpb stibp tpr_shadow vnmi flexpriority ept vpid fsgsbase tsc_adjust bmi1 avx2 smep bmi2 erms invpcid mpx rdseed adx smap clflushopt intel_pt xsaveopt xsavec xgetbv1 xsaves dtherm ida arat pln pts hwp hwp_notify hwp_act_window hwp_epp flush_l1d

Memory: 4k page, physical 8077320k(3688600k free), swap 8297468k(8297468k free)

vm_info: OpenJDK 64-Bit Server VM (9-internal+0-2016-04-14-195246.buildd.src) for linux-amd64 JRE (9-internal+0-2016-04-14-195246.buildd.src), built on Apr 14 2016 20:05:37 by "buildd" with gcc 5.3.1 20160413

END.
